<?xml version="1.0" encoding="UTF-8"?>
<!-- Generated by org.testng.reporters.JUnitReportReporter -->
<testsuite hostname="Narendras-MBP" name="seleniumTestNG.GroupTests" tests="2" failures="0" timestamp="15 Jan 2017 15:02:16 GMT" time="0.032" errors="0">
  <testcase name="test3" time="0.003" classname="seleniumTestNG.GroupTests"/>
  <testcase name="test4" time="0.029" classname="seleniumTestNG.GroupTests"/>
</testsuite> <!-- seleniumTestNG.GroupTests -->
